This file contains any messages produced by compilers while
running configure, to aid debugging if configure makes a mistake.

It was created by cmuclmtk configure 0.7, which was
generated by GNU Autoconf 2.69.  Invocation command line was

  $ ./configure 

## --------- ##
## Platform. ##
## --------- ##

hostname = raspberrypi
uname -m = armv7l
uname -r = 3.18.7-v7+
uname -s = Linux
uname -v = #755 SMP PREEMPT Thu Feb 12 17:20:48 GMT 2015

/usr/bin/uname -p = unknown
/bin/uname -X     = unknown

/bin/arch              = unknown
/usr/bin/arch -k       = unknown
/usr/convex/getsysinfo = unknown
/usr/bin/hostinfo      = unknown
/bin/machine           = unknown
/usr/bin/oslevel       = unknown
/bin/universe          = unknown

PATH: /usr/local/sbin
PATH: /usr/local/bin
PATH: /usr/sbin
PATH: /usr/bin
PATH: /sbin
PATH: /bin


## ----------- ##
## Core tests. ##
## ----------- ##

configure:2243: checking for a BSD-compatible install
configure:2311: result: /usr/bin/install -c
configure:2322: checking whether build environment is sane
configure:2372: result: yes
configure:2513: checking for a thread-safe mkdir -p
configure:2552: result: /bin/mkdir -p
configure:2565: checking for gawk
configure:2595: result: no
configure:2565: checking for mawk
configure:2581: found /usr/bin/mawk
configure:2592: result: mawk
configure:2603: checking whether make sets $(MAKE)
configure:2625: result: yes
configure:2730: checking build system type
configure:2744: result: armv7l-unknown-linux-gnueabihf
configure:2764: checking host system type
configure:2777: result: armv7l-unknown-linux-gnueabihf
configure:2818: checking how to print strings
configure:2845: result: printf
configure:2878: checking for style of include used by make
configure:2906: result: GNU
configure:2977: checking for gcc
configure:2993: found /usr/bin/gcc
configure:3004: result: gcc
configure:3233: checking for C compiler version
configure:3242: gcc --version >&5
gcc (Debian 4.6.3-14+rpi1) 4.6.3
Copyright (C) 2011 Free Software Foundation, Inc.
This is free software; see the source for copying conditions.  There is NO
warranty; not even for MERCHANTABILITY or FITNESS FOR A PARTICULAR PURPOSE.

configure:3253: $? = 0
configure:3242: gcc -v >&5
Using built-in specs.
COLLECT_GCC=gcc
COLLECT_LTO_WRAPPER=/usr/lib/gcc/arm-linux-gnueabihf/4.6/lto-wrapper
Target: arm-linux-gnueabihf
Configured with: ../src/configure -v --with-pkgversion='Debian 4.6.3-14+rpi1' --with-bugurl=file:///usr/share/doc/gcc-4.6/README.Bugs --enable-languages=c,c++,fortran,objc,obj-c++ --prefix=/usr --program-suffix=-4.6 --enable-shared --enable-linker-build-id --with-system-zlib --libexecdir=/usr/lib --without-included-gettext --enable-threads=posix --with-gxx-include-dir=/usr/include/c++/4.6 --libdir=/usr/lib --enable-nls --with-sysroot=/ --enable-clocale=gnu --enable-libstdcxx-debug --enable-libstdcxx-time=yes --enable-gnu-unique-object --enable-plugin --enable-objc-gc --disable-sjlj-exceptions --with-arch=armv6 --with-fpu=vfp --with-float=hard --enable-checking=release --build=arm-linux-gnueabihf --host=arm-linux-gnueabihf --target=arm-linux-gnueabihf
Thread model: posix
gcc version 4.6.3 (Debian 4.6.3-14+rpi1) 
configure:3253: $? = 0
configure:3242: gcc -V >&5
gcc: error: unrecognized option '-V'
gcc: fatal error: no input files
compilation terminated.
configure:3253: $? = 4
configure:3242: gcc -qversion >&5
gcc: error: unrecognized option '-qversion'
gcc: fatal error: no input files
compilation terminated.
configure:3253: $? = 4
configure:3273: checking whether the C compiler works
configure:3295: gcc    conftest.c  >&5
configure:3299: $? = 0
configure:3347: result: yes
configure:3350: checking for C compiler default output file name
configure:3352: result: a.out
configure:3358: checking for suffix of executables
configure:3365: gcc -o conftest    conftest.c  >&5
configure:3369: $? = 0
configure:3391: result: 
configure:3413: checking whether we are cross compiling
configure:3421: gcc -o conftest    conftest.c  >&5
configure:3425: $? = 0
configure:3432: ./conftest
configure:3436: $? = 0
configure:3451: result: no
configure:3456: checking for suffix of object files
configure:3478: gcc -c   conftest.c >&5
configure:3482: $? = 0
configure:3503: result: o
configure:3507: checking whether we are using the GNU C compiler
configure:3526: gcc -c   conftest.c >&5
configure:3526: $? = 0
configure:3535: result: yes
configure:3544: checking whether gcc accepts -g
configure:3564: gcc -c -g  conftest.c >&5
configure:3564: $? = 0
configure:3605: result: yes
configure:3622: checking for gcc option to accept ISO C89
configure:3685: gcc  -c -g -O2  conftest.c >&5
configure:3685: $? = 0
configure:3698: result: none needed
configure:3720: checking dependency style of gcc
configure:3831: result: gcc3
configure:3846: checking for a sed that does not truncate output
configure:3910: result: /bin/sed
configure:3928: checking for grep that handles long lines and -e
configure:3986: result: /bin/grep
configure:3991: checking for egrep
configure:4053: result: /bin/grep -E
configure:4058: checking for fgrep
configure:4120: result: /bin/grep -F
configure:4155: checking for ld used by gcc
configure:4222: result: /usr/bin/ld
configure:4229: checking if the linker (/usr/bin/ld) is GNU ld
configure:4244: result: yes
configure:4256: checking for BSD- or MS-compatible name lister (nm)
configure:4305: result: /usr/bin/nm -B
configure:4435: checking the name lister (/usr/bin/nm -B) interface
configure:4442: gcc -c -g -O2  conftest.c >&5
configure:4445: /usr/bin/nm -B "conftest.o"
configure:4448: output
00000000 B some_variable
configure:4455: result: BSD nm
configure:4458: checking whether ln -s works
configure:4462: result: yes
configure:4470: checking the maximum length of command line arguments
configure:4600: result: 1572864
configure:4617: checking whether the shell understands some XSI constructs
configure:4627: result: yes
configure:4631: checking whether the shell understands "+="
configure:4637: result: yes
configure:4672: checking how to convert armv7l-unknown-linux-gnueabihf file names to armv7l-unknown-linux-gnueabihf format
configure:4712: result: func_convert_file_noop
configure:4719: checking how to convert armv7l-unknown-linux-gnueabihf file names to toolchain format
configure:4739: result: func_convert_file_noop
configure:4746: checking for /usr/bin/ld option to reload object files
configure:4753: result: -r
configure:4827: checking for objdump
configure:4843: found /usr/bin/objdump
configure:4854: result: objdump
configure:4886: checking how to recognize dependent libraries
configure:5084: result: pass_all
configure:5169: checking for dlltool
configure:5199: result: no
configure:5229: checking how to associate runtime and link libraries
configure:5256: result: printf %s\n
configure:5317: checking for ar
configure:5333: found /usr/bin/ar
configure:5344: result: ar
configure:5381: checking for archiver @FILE support
configure:5398: gcc -c -g -O2  conftest.c >&5
configure:5398: $? = 0
configure:5401: ar cru libconftest.a @conftest.lst >&5
configure:5404: $? = 0
configure:5409: ar cru libconftest.a @conftest.lst >&5
ar: conftest.o: No such file or directory
configure:5412: $? = 1
configure:5424: result: @
configure:5482: checking for strip
configure:5498: found /usr/bin/strip
configure:5509: result: strip
configure:5581: checking for ranlib
configure:5597: found /usr/bin/ranlib
configure:5608: result: ranlib
configure:5710: checking command to parse /usr/bin/nm -B output from gcc object
configure:5830: gcc -c -g -O2  conftest.c >&5
configure:5833: $? = 0
configure:5837: /usr/bin/nm -B conftest.o \| sed -n -e 's/^.*[ ]\([ABCDGIRSTW][ABCDGIRSTW]*\)[ ][ ]*\([_A-Za-z][_A-Za-z0-9]*\)$/\1 \2 \2/p' | sed '/ __gnu_lto/d' \> conftest.nm
configure:5840: $? = 0
configure:5906: gcc -o conftest -g -O2   conftest.c conftstm.o >&5
configure:5909: $? = 0
configure:5947: result: ok
configure:5984: checking for sysroot
configure:6014: result: no
configure:6270: checking for mt
configure:6286: found /bin/mt
configure:6297: result: mt
configure:6320: checking if mt is a manifest tool
configure:6326: mt '-?'
configure:6334: result: no
configure:6976: checking how to run the C preprocessor
configure:7007: gcc -E  conftest.c
configure:7007: $? = 0
configure:7021: gcc -E  conftest.c
conftest.c:9:28: fatal error: ac_nonexistent.h: No such file or directory
compilation terminated.
configure:7021: $? = 1
configure: failed program was:
| /* confdefs.h */
| #define PACKAGE_NAME "cmuclmtk"
| #define PACKAGE_TARNAME "cmuclmtk"
| #define PACKAGE_VERSION "0.7"
| #define PACKAGE_STRING "cmuclmtk 0.7"
| #define PACKAGE_BUGREPORT "air+logios@cs.cmu.edu"
| #define PACKAGE_URL ""
| /* end confdefs.h.  */
| #include <ac_nonexistent.h>
configure:7046: result: gcc -E
configure:7066: gcc -E  conftest.c
configure:7066: $? = 0
configure:7080: gcc -E  conftest.c
conftest.c:9:28: fatal error: ac_nonexistent.h: No such file or directory
compilation terminated.
configure:7080: $? = 1
configure: failed program was:
| /* confdefs.h */
| #define PACKAGE_NAME "cmuclmtk"
| #define PACKAGE_TARNAME "cmuclmtk"
| #define PACKAGE_VERSION "0.7"
| #define PACKAGE_STRING "cmuclmtk 0.7"
| #define PACKAGE_BUGREPORT "air+logios@cs.cmu.edu"
| #define PACKAGE_URL ""
| /* end confdefs.h.  */
| #include <ac_nonexistent.h>
configure:7109: checking for ANSI C header files
configure:7129: gcc -c -g -O2  conftest.c >&5
configure:7129: $? = 0
configure:7202: gcc -o conftest -g -O2   conftest.c  >&5
configure:7202: $? = 0
configure:7202: ./conftest
configure:7202: $? = 0
configure:7213: result: yes
configure:7226: checking for sys/types.h
configure:7226: gcc -c -g -O2  conftest.c >&5
configure:7226: $? = 0
configure:7226: result: yes
configure:7226: checking for sys/stat.h
configure:7226: gcc -c -g -O2  conftest.c >&5
configure:7226: $? = 0
configure:7226: result: yes
configure:7226: checking for stdlib.h
configure:7226: gcc -c -g -O2  conftest.c >&5
configure:7226: $? = 0
configure:7226: result: yes
configure:7226: checking for string.h
configure:7226: gcc -c -g -O2  conftest.c >&5
configure:7226: $? = 0
configure:7226: result: yes
configure:7226: checking for memory.h
configure:7226: gcc -c -g -O2  conftest.c >&5
configure:7226: $? = 0
configure:7226: result: yes
configure:7226: checking for strings.h
configure:7226: gcc -c -g -O2  conftest.c >&5
configure:7226: $? = 0
configure:7226: result: yes
configure:7226: checking for inttypes.h
configure:7226: gcc -c -g -O2  conftest.c >&5
configure:7226: $? = 0
configure:7226: result: yes
configure:7226: checking for stdint.h
configure:7226: gcc -c -g -O2  conftest.c >&5
configure:7226: $? = 0
configure:7226: result: yes
configure:7226: checking for unistd.h
configure:7226: gcc -c -g -O2  conftest.c >&5
configure:7226: $? = 0
configure:7226: result: yes
configure:7240: checking for dlfcn.h
configure:7240: gcc -c -g -O2  conftest.c >&5
configure:7240: $? = 0
configure:7240: result: yes
configure:7446: checking for objdir
configure:7461: result: .libs
configure:7732: checking if gcc supports -fno-rtti -fno-exceptions
configure:7750: gcc -c -g -O2  -fno-rtti -fno-exceptions conftest.c >&5
cc1: warning: command line option '-fno-rtti' is valid for C++/ObjC++ but not for C [enabled by default]
configure:7754: $? = 0
configure:7767: result: no
configure:8094: checking for gcc option to produce PIC
configure:8101: result: -fPIC -DPIC
configure:8109: checking if gcc PIC flag -fPIC -DPIC works
configure:8127: gcc -c -g -O2  -fPIC -DPIC -DPIC conftest.c >&5
configure:8131: $? = 0
configure:8144: result: yes
configure:8173: checking if gcc static flag -static works
configure:8201: result: yes
configure:8216: checking if gcc supports -c -o file.o
configure:8237: gcc -c -g -O2  -o out/conftest2.o conftest.c >&5
configure:8241: $? = 0
configure:8263: result: yes
configure:8271: checking if gcc supports -c -o file.o
configure:8318: result: yes
configure:8351: checking whether the gcc linker (/usr/bin/ld) supports shared libraries
configure:9508: result: yes
configure:9545: checking whether -lc should be explicitly linked in
configure:9553: gcc -c -g -O2  conftest.c >&5
configure:9556: $? = 0
configure:9571: gcc -shared  -fPIC -DPIC conftest.o  -v -Wl,-soname -Wl,conftest -o conftest 2\>\&1 \| /bin/grep  -lc  \>/dev/null 2\>\&1
configure:9574: $? = 0
configure:9588: result: no
configure:9748: checking dynamic linker characteristics
configure:10248: gcc -o conftest -g -O2   -Wl,-rpath -Wl,/foo conftest.c  >&5
configure:10248: $? = 0
configure:10482: result: GNU/Linux ld.so
configure:10589: checking how to hardcode library paths into programs
configure:10614: result: immediate
configure:11154: checking whether stripping libraries is possible
configure:11159: result: yes
configure:11194: checking if libtool supports shared libraries
configure:11196: result: yes
configure:11199: checking whether to build shared libraries
configure:11220: result: yes
configure:11223: checking whether to build static libraries
configure:11227: result: yes
configure:11322: checking for gcc
configure:11349: result: gcc
configure:11578: checking for C compiler version
configure:11587: gcc --version >&5
gcc (Debian 4.6.3-14+rpi1) 4.6.3
Copyright (C) 2011 Free Software Foundation, Inc.
This is free software; see the source for copying conditions.  There is NO
warranty; not even for MERCHANTABILITY or FITNESS FOR A PARTICULAR PURPOSE.

configure:11598: $? = 0
configure:11587: gcc -v >&5
Using built-in specs.
COLLECT_GCC=gcc
COLLECT_LTO_WRAPPER=/usr/lib/gcc/arm-linux-gnueabihf/4.6/lto-wrapper
Target: arm-linux-gnueabihf
Configured with: ../src/configure -v --with-pkgversion='Debian 4.6.3-14+rpi1' --with-bugurl=file:///usr/share/doc/gcc-4.6/README.Bugs --enable-languages=c,c++,fortran,objc,obj-c++ --prefix=/usr --program-suffix=-4.6 --enable-shared --enable-linker-build-id --with-system-zlib --libexecdir=/usr/lib --without-included-gettext --enable-threads=posix --with-gxx-include-dir=/usr/include/c++/4.6 --libdir=/usr/lib --enable-nls --with-sysroot=/ --enable-clocale=gnu --enable-libstdcxx-debug --enable-libstdcxx-time=yes --enable-gnu-unique-object --enable-plugin --enable-objc-gc --disable-sjlj-exceptions --with-arch=armv6 --with-fpu=vfp --with-float=hard --enable-checking=release --build=arm-linux-gnueabihf --host=arm-linux-gnueabihf --target=arm-linux-gnueabihf
Thread model: posix
gcc version 4.6.3 (Debian 4.6.3-14+rpi1) 
configure:11598: $? = 0
configure:11587: gcc -V >&5
gcc: error: unrecognized option '-V'
gcc: fatal error: no input files
compilation terminated.
configure:11598: $? = 4
configure:11587: gcc -qversion >&5
gcc: error: unrecognized option '-qversion'
gcc: fatal error: no input files
compilation terminated.
configure:11598: $? = 4
configure:11602: checking whether we are using the GNU C compiler
configure:11630: result: yes
configure:11639: checking whether gcc accepts -g
configure:11700: result: yes
configure:11717: checking for gcc option to accept ISO C89
configure:11793: result: none needed
configure:11815: checking dependency style of gcc
configure:11926: result: gcc3
configure:11986: checking for ar
configure:12013: result: ar
configure:12035: checking whether byte ordering is bigendian
configure:12050: gcc -c -g -O2  conftest.c >&5
conftest.c:22:9: error: unknown type name 'not'
conftest.c:22:15: error: expected '=', ',', ';', 'asm' or '__attribute__' before 'universal'
conftest.c:22:15: error: unknown type name 'universal'
configure:12050: $? = 1
configure: failed program was:
| /* confdefs.h */
| #define PACKAGE_NAME "cmuclmtk"
| #define PACKAGE_TARNAME "cmuclmtk"
| #define PACKAGE_VERSION "0.7"
| #define PACKAGE_STRING "cmuclmtk 0.7"
| #define PACKAGE_BUGREPORT "air+logios@cs.cmu.edu"
| #define PACKAGE_URL ""
| #define STDC_HEADERS 1
| #define HAVE_SYS_TYPES_H 1
| #define HAVE_SYS_STAT_H 1
| #define HAVE_STDLIB_H 1
| #define HAVE_STRING_H 1
| #define HAVE_MEMORY_H 1
| #define HAVE_STRINGS_H 1
| #define HAVE_INTTYPES_H 1
| #define HAVE_STDINT_H 1
| #define HAVE_UNISTD_H 1
| #define HAVE_DLFCN_H 1
| #define LT_OBJDIR ".libs/"
| /* end confdefs.h.  */
| #ifndef __APPLE_CC__
| 	       not a universal capable compiler
| 	     #endif
| 	     typedef int dummy;
| 
configure:12095: gcc -c -g -O2  conftest.c >&5
configure:12095: $? = 0
configure:12113: gcc -c -g -O2  conftest.c >&5
conftest.c: In function 'main':
conftest.c:28:4: error: unknown type name 'not'
conftest.c:28:12: error: expected '=', ',', ';', 'asm' or '__attribute__' before 'endian'
configure:12113: $? = 1
configure: failed program was:
| /* confdefs.h */
| #define PACKAGE_NAME "cmuclmtk"
| #define PACKAGE_TARNAME "cmuclmtk"
| #define PACKAGE_VERSION "0.7"
| #define PACKAGE_STRING "cmuclmtk 0.7"
| #define PACKAGE_BUGREPORT "air+logios@cs.cmu.edu"
| #define PACKAGE_URL ""
| #define STDC_HEADERS 1
| #define HAVE_SYS_TYPES_H 1
| #define HAVE_SYS_STAT_H 1
| #define HAVE_STDLIB_H 1
| #define HAVE_STRING_H 1
| #define HAVE_MEMORY_H 1
| #define HAVE_STRINGS_H 1
| #define HAVE_INTTYPES_H 1
| #define HAVE_STDINT_H 1
| #define HAVE_UNISTD_H 1
| #define HAVE_DLFCN_H 1
| #define LT_OBJDIR ".libs/"
| /* end confdefs.h.  */
| #include <sys/types.h>
| 		#include <sys/param.h>
| 
| int
| main ()
| {
| #if BYTE_ORDER != BIG_ENDIAN
| 		 not big endian
| 		#endif
| 
|   ;
|   return 0;
| }
configure:12241: result: no
configure:12259: checking for log in -lm
configure:12284: gcc -o conftest -g -O2   conftest.c -lm   >&5
conftest.c:28:6: warning: conflicting types for built-in function 'log' [enabled by default]
configure:12284: $? = 0
configure:12293: result: yes
configure:12306: checking for ANSI C header files
configure:12410: result: yes
configure:12421: checking for stdlib.h
configure:12421: result: yes
configure:12421: checking for strings.h
configure:12421: result: yes
configure:12421: checking sys/time.h usability
configure:12421: gcc -c -g -O2  conftest.c >&5
configure:12421: $? = 0
configure:12421: result: yes
configure:12421: checking sys/time.h presence
configure:12421: gcc -E  conftest.c
configure:12421: $? = 0
configure:12421: result: yes
configure:12421: checking for sys/time.h
configure:12421: result: yes
configure:12570: creating ./config.status

## ---------------------- ##
## Running config.status. ##
## ---------------------- ##

This file was extended by cmuclmtk config.status 0.7, which was
generated by GNU Autoconf 2.69.  Invocation command line was

  CONFIG_FILES    = 
  CONFIG_HEADERS  = 
  CONFIG_LINKS    = 
  CONFIG_COMMANDS = 
  $ ./config.status 

on raspberrypi

config.status:1084: creating Makefile
config.status:1084: creating src/Makefile
config.status:1084: creating test/Makefile
config.status:1084: creating src/liblmest/Makefile
config.status:1084: creating src/libs/Makefile
config.status:1084: creating src/programs/Makefile
config.status:1084: creating config.h
config.status:1313: executing depfiles commands
config.status:1313: executing libtool commands

## ---------------- ##
## Cache variables. ##
## ---------------- ##

ac_cv_build=armv7l-unknown-linux-gnueabihf
ac_cv_c_bigendian=no
ac_cv_c_compiler_gnu=yes
ac_cv_env_CC_set=
ac_cv_env_CC_value=
ac_cv_env_CFLAGS_set=
ac_cv_env_CFLAGS_value=
ac_cv_env_CPPFLAGS_set=
ac_cv_env_CPPFLAGS_value=
ac_cv_env_CPP_set=
ac_cv_env_CPP_value=
ac_cv_env_LDFLAGS_set=
ac_cv_env_LDFLAGS_value=
ac_cv_env_LIBS_set=
ac_cv_env_LIBS_value=
ac_cv_env_build_alias_set=
ac_cv_env_build_alias_value=
ac_cv_env_host_alias_set=
ac_cv_env_host_alias_value=
ac_cv_env_target_alias_set=
ac_cv_env_target_alias_value=
ac_cv_header_dlfcn_h=yes
ac_cv_header_inttypes_h=yes
ac_cv_header_memory_h=yes
ac_cv_header_stdc=yes
ac_cv_header_stdint_h=yes
ac_cv_header_stdlib_h=yes
ac_cv_header_string_h=yes
ac_cv_header_strings_h=yes
ac_cv_header_sys_stat_h=yes
ac_cv_header_sys_time_h=yes
ac_cv_header_sys_types_h=yes
ac_cv_header_unistd_h=yes
ac_cv_host=armv7l-unknown-linux-gnueabihf
ac_cv_lib_m_log=yes
ac_cv_objext=o
ac_cv_path_EGREP='/bin/grep -E'
ac_cv_path_FGREP='/bin/grep -F'
ac_cv_path_GREP=/bin/grep
ac_cv_path_SED=/bin/sed
ac_cv_path_install='/usr/bin/install -c'
ac_cv_path_mkdir=/bin/mkdir
ac_cv_prog_AWK=mawk
ac_cv_prog_CPP='gcc -E'
ac_cv_prog_ac_ct_AR=ar
ac_cv_prog_ac_ct_CC=gcc
ac_cv_prog_ac_ct_MANIFEST_TOOL=mt
ac_cv_prog_ac_ct_OBJDUMP=objdump
ac_cv_prog_ac_ct_RANLIB=ranlib
ac_cv_prog_ac_ct_STRIP=strip
ac_cv_prog_cc_c89=
ac_cv_prog_cc_g=yes
ac_cv_prog_make_make_set=yes
am_cv_CC_dependencies_compiler_type=gcc3
lt_cv_ar_at_file=@
lt_cv_archive_cmds_need_lc=no
lt_cv_deplibs_check_method=pass_all
lt_cv_file_magic_cmd='$MAGIC_CMD'
lt_cv_file_magic_test_file=
lt_cv_ld_reload_flag=-r
lt_cv_nm_interface='BSD nm'
lt_cv_objdir=.libs
lt_cv_path_LD=/usr/bin/ld
lt_cv_path_NM='/usr/bin/nm -B'
lt_cv_path_mainfest_tool=no
lt_cv_prog_compiler_c_o=yes
lt_cv_prog_compiler_pic='-fPIC -DPIC'
lt_cv_prog_compiler_pic_works=yes
lt_cv_prog_compiler_rtti_exceptions=no
lt_cv_prog_compiler_static_works=yes
lt_cv_prog_gnu_ld=yes
lt_cv_sharedlib_from_linklib_cmd='printf %s\n'
lt_cv_shlibpath_overrides_runpath=no
lt_cv_sys_global_symbol_pipe='sed -n -e '\''s/^.*[	 ]\([ABCDGIRSTW][ABCDGIRSTW]*\)[	 ][	 ]*\([_A-Za-z][_A-Za-z0-9]*\)$/\1 \2 \2/p'\'' | sed '\''/ __gnu_lto/d'\'''
lt_cv_sys_global_symbol_to_c_name_address='sed -n -e '\''s/^: \([^ ]*\)[ ]*$/  {\"\1\", (void *) 0},/p'\'' -e '\''s/^[ABCDGIRSTW]* \([^ ]*\) \([^ ]*\)$/  {"\2", (void *) \&\2},/p'\'''
lt_cv_sys_global_symbol_to_c_name_address_lib_prefix='sed -n -e '\''s/^: \([^ ]*\)[ ]*$/  {\"\1\", (void *) 0},/p'\'' -e '\''s/^[ABCDGIRSTW]* \([^ ]*\) \(lib[^ ]*\)$/  {"\2", (void *) \&\2},/p'\'' -e '\''s/^[ABCDGIRSTW]* \([^ ]*\) \([^ ]*\)$/  {"lib\2", (void *) \&\2},/p'\'''
lt_cv_sys_global_symbol_to_cdecl='sed -n -e '\''s/^T .* \(.*\)$/extern int \1();/p'\'' -e '\''s/^[ABCDGIRSTW]* .* \(.*\)$/extern char \1;/p'\'''
lt_cv_sys_max_cmd_len=1572864
lt_cv_to_host_file_cmd=func_convert_file_noop
lt_cv_to_tool_file_cmd=func_convert_file_noop

## ----------------- ##
## Output variables. ##
## ----------------- ##

ACLOCAL='${SHELL} /home/pi/jasper/cmuclmtk/missing --run aclocal-1.11'
AMDEPBACKSLASH='\'
AMDEP_FALSE='#'
AMDEP_TRUE=''
AMTAR='$${TAR-tar}'
AR='ar'
AUTOCONF='${SHELL} /home/pi/jasper/cmuclmtk/missing --run autoconf'
AUTOHEADER='${SHELL} /home/pi/jasper/cmuclmtk/missing --run autoheader'
AUTOMAKE='${SHELL} /home/pi/jasper/cmuclmtk/missing --run automake-1.11'
AWK='mawk'
CC='gcc'
CCDEPMODE='depmode=gcc3'
CFLAGS='-g -O2'
CPP='gcc -E'
CPPFLAGS=''
CYGPATH_W='echo'
DEFS='-DHAVE_CONFIG_H'
DEPDIR='.deps'
DLLTOOL='false'
DSYMUTIL=''
DUMPBIN=''
ECHO_C=''
ECHO_N='-n'
ECHO_T=''
EGREP='/bin/grep -E'
EXEEXT=''
FGREP='/bin/grep -F'
GREP='/bin/grep'
INSTALL_DATA='${INSTALL} -m 644'
INSTALL_PROGRAM='${INSTALL}'
INSTALL_SCRIPT='${INSTALL}'
INSTALL_STRIP_PROGRAM='$(install_sh) -c -s'
LD='/usr/bin/ld'
LDFLAGS=''
LIBOBJS=''
LIBS='-lm '
LIBTOOL='$(SHELL) $(top_builddir)/libtool'
LIPO=''
LN_S='ln -s'
LTLIBOBJS=''
MAKEINFO='${SHELL} /home/pi/jasper/cmuclmtk/missing --run makeinfo'
MANIFEST_TOOL=':'
MKDIR_P='/bin/mkdir -p'
NM='/usr/bin/nm -B'
NMEDIT=''
OBJDUMP='objdump'
OBJEXT='o'
OTOOL64=''
OTOOL=''
PACKAGE='cmuclmtk'
PACKAGE_BUGREPORT='air+logios@cs.cmu.edu'
PACKAGE_NAME='cmuclmtk'
PACKAGE_STRING='cmuclmtk 0.7'
PACKAGE_TARNAME='cmuclmtk'
PACKAGE_URL=''
PACKAGE_VERSION='0.7'
PATH_SEPARATOR=':'
RANLIB='ranlib'
SED='/bin/sed'
SET_MAKE=''
SHELL='/bin/bash'
STRIP='strip'
VERSION='0.7'
ac_ct_AR='ar'
ac_ct_CC='gcc'
ac_ct_DUMPBIN=''
am__EXEEXT_FALSE=''
am__EXEEXT_TRUE='#'
am__fastdepCC_FALSE='#'
am__fastdepCC_TRUE=''
am__include='include'
am__isrc=''
am__leading_dot='.'
am__nodep='_no'
am__quote=''
am__tar='$${TAR-tar} chof - "$$tardir"'
am__untar='$${TAR-tar} xf -'
bindir='${exec_prefix}/bin'
build='armv7l-unknown-linux-gnueabihf'
build_alias=''
build_cpu='armv7l'
build_os='linux-gnueabihf'
build_vendor='unknown'
datadir='${datarootdir}'
datarootdir='${prefix}/share'
docdir='${datarootdir}/doc/${PACKAGE_TARNAME}'
dvidir='${docdir}'
exec_prefix='${prefix}'
host='armv7l-unknown-linux-gnueabihf'
host_alias=''
host_cpu='armv7l'
host_os='linux-gnueabihf'
host_vendor='unknown'
htmldir='${docdir}'
includedir='${prefix}/include'
infodir='${datarootdir}/info'
install_sh='${SHELL} /home/pi/jasper/cmuclmtk/install-sh'
libdir='${exec_prefix}/lib'
libexecdir='${exec_prefix}/libexec'
localedir='${datarootdir}/locale'
localstatedir='${prefix}/var'
mandir='${datarootdir}/man'
mkdir_p='/bin/mkdir -p'
oldincludedir='/usr/include'
pdfdir='${docdir}'
prefix='/usr/local'
program_transform_name='s,x,x,'
psdir='${docdir}'
sbindir='${exec_prefix}/sbin'
sharedstatedir='${prefix}/com'
sysconfdir='${prefix}/etc'
target_alias=''

## ----------- ##
## confdefs.h. ##
## ----------- ##

/* confdefs.h */
#define PACKAGE_NAME "cmuclmtk"
#define PACKAGE_TARNAME "cmuclmtk"
#define PACKAGE_VERSION "0.7"
#define PACKAGE_STRING "cmuclmtk 0.7"
#define PACKAGE_BUGREPORT "air+logios@cs.cmu.edu"
#define PACKAGE_URL ""
#define STDC_HEADERS 1
#define HAVE_SYS_TYPES_H 1
#define HAVE_SYS_STAT_H 1
#define HAVE_STDLIB_H 1
#define HAVE_STRING_H 1
#define HAVE_MEMORY_H 1
#define HAVE_STRINGS_H 1
#define HAVE_INTTYPES_H 1
#define HAVE_STDINT_H 1
#define HAVE_UNISTD_H 1
#define HAVE_DLFCN_H 1
#define LT_OBJDIR ".libs/"
#define HAVE_LIBM 1
#define STDC_HEADERS 1
#define HAVE_STDLIB_H 1
#define HAVE_STRINGS_H 1
#define HAVE_SYS_TIME_H 1

configure: exit 0
